# JRE version: OpenJDK Runtime Environment Temurin-17.0.5+8 (17.0.5+8) (build 17.0.5+8)
# Java VM: OpenJDK 64-Bit Server VM Temurin-17.0.5+8 (17.0.5+8, mixed mode, tiered, compressed oops, compressed class ptrs, parallel gc, linux-amd64)
GC Precious Log:
 CPUs: 4 total, 4 available
 Memory: 7908M
 Large Page Support: Disabled
 NUMA Support: Disabled
 Compressed Oops: Enabled (32-bit)
 Alignments: Space 512K, Generation 512K, Heap 2M
 Heap Min Capacity: 100M
 Heap Initial Capacity: 100M
 Heap Max Capacity: 1G
 Pre-touch: Disabled
 Parallel Workers: 4
Heap:
 PSYoungGen      total 12800K, used 6090K [0x00000000eab00000, 0x00000000eb880000, 0x0000000100000000)
  eden space 11776K, 48% used [0x00000000eab00000,0x00000000eb086ee0,0x00000000eb680000)
  from space 1024K, 42% used [0x00000000eb780000,0x00000000eb7eb958,0x00000000eb880000)
  to   space 1024K, 0% used [0x00000000eb680000,0x00000000eb680000,0x00000000eb780000)
 ParOldGen       total 68608K, used 60578K [0x00000000c0000000, 0x00000000c4300000, 0x00000000eab00000)
  object space 68608K, 88% used [0x00000000c0000000,0x00000000c3b28ae0,0x00000000c4300000)
 Metaspace       used 73365K, committed 74368K, reserved 1114112K
  class space    used 8835K, committed 9344K, reserved 1048576K
GC Heap History (20 events):
Event: 15.483 GC heap before
{Heap before GC invocations=52 (full 3):
 PSYoungGen      total 12288K, used 12288K [0x00000000eab00000, 0x00000000ebc80000, 0x0000000100000000)
  eden space 11776K, 100% used [0x00000000eab00000,0x00000000eb680000,0x00000000eb680000)
  from space 512K, 100% used [0x00000000eba00000,0x00000000eba80000,0x00000000eba80000)
  to   space 3072K, 0% used [0x00000000eb680000,0x00000000eb680000,0x00000000eb980000)
 ParOldGen       total 68608K, used 53206K [0x00000000c0000000, 0x00000000c4300000, 0x00000000eab00000)
  object space 68608K, 77% used [0x00000000c0000000,0x00000000c33f5828,0x00000000c4300000)
 Metaspace       used 68213K, committed 69184K, reserved 1114112K
  class space    used 8332K, committed 8832K, reserved 1048576K
}
Event: 15.487 GC heap after
{Heap after GC invocations=52 (full 3):
 PSYoungGen      total 13312K, used 1280K [0x00000000eab00000, 0x00000000eba80000, 0x0000000100000000)
  eden space 11776K, 0% used [0x00000000eab00000,0x00000000eab00000,0x00000000eb680000)
  from space 1536K, 83% used [0x00000000eb680000,0x00000000eb7c0000,0x00000000eb800000)
  to   space 2048K, 0% used [0x00000000eb880000,0x00000000eb880000,0x00000000eba80000)
 ParOldGen       total 68608K, used 53742K [0x00000000c0000000, 0x00000000c4300000, 0x00000000eab00000)
  object space 68608K, 78% used [0x00000000c0000000,0x00000000c347b828,0x00000000c4300000)
 Metaspace       used 68213K, committed 69184K, reserved 1114112K
  class space    used 8332K, committed 8832K, reserved 1048576K
}
Event: 15.505 GC heap before
{Heap before GC invocations=53 (full 3):
 PSYoungGen      total 13312K, used 13056K [0x00000000eab00000, 0x00000000eba80000, 0x0000000100000000)
  eden space 11776K, 100% used [0x00000000eab00000,0x00000000eb680000,0x00000000eb680000)
  from space 1536K, 83% used [0x00000000eb680000,0x00000000eb7c0000,0x00000000eb800000)
  to   space 2048K, 0% used [0x00000000eb880000,0x00000000eb880000,0x00000000eba80000)
 ParOldGen       total 68608K, used 53742K [0x00000000c0000000, 0x00000000c4300000, 0x00000000eab00000)
  object space 68608K, 78% used [0x00000000c0000000,0x00000000c347b828,0x00000000c4300000)
 Metaspace       used 68213K, committed 69184K, reserved 1114112K
  class space    used 8332K, committed 8832K, reserved 1048576K
}
Event: 15.509 GC heap after
{Heap after GC invocations=53 (full 3):
 PSYoungGen      total 13824K, used 1504K [0x00000000eab00000, 0x00000000eba80000, 0x0000000100000000)
  eden space 11776K, 0% used [0x00000000eab00000,0x00000000eab00000,0x00000000eb680000)
  from space 2048K, 73% used [0x00000000eb880000,0x00000000eb9f8010,0x00000000eba80000)
  to   space 2048K, 0% used [0x00000000eb680000,0x00000000eb680000,0x00000000eb880000)
 ParOldGen       total 68608K, used 54958K [0x00000000c0000000, 0x00000000c4300000, 0x00000000eab00000)
  object space 68608K, 80% used [0x00000000c0000000,0x00000000c35ab828,0x00000000c4300000)
 Metaspace       used 68213K, committed 69184K, reserved 1114112K
  class space    used 8332K, committed 8832K, reserved 1048576K
}
Event: 15.534 GC heap before
{Heap before GC invocations=54 (full 3):
 PSYoungGen      total 13824K, used 13280K [0x00000000eab00000, 0x00000000eba80000, 0x0000000100000000)
  eden space 11776K, 100% used [0x00000000eab00000,0x00000000eb680000,0x00000000eb680000)
  from space 2048K, 73% used [0x00000000eb880000,0x00000000eb9f8010,0x00000000eba80000)
  to   space 2048K, 0% used [0x00000000eb680000,0x00000000eb680000,0x00000000eb880000)
 ParOldGen       total 68608K, used 54958K [0x00000000c0000000, 0x00000000c4300000, 0x00000000eab00000)
  object space 68608K, 80% used [0x00000000c0000000,0x00000000c35ab828,0x00000000c4300000)
 Metaspace       used 68213K, committed 69184K, reserved 1114112K
  class space    used 8332K, committed 8832K, reserved 1048576K
}
Event: 15.538 GC heap after
{Heap after GC invocations=54 (full 3):
 PSYoungGen      total 12800K, used 928K [0x00000000eab00000, 0x00000000eb980000, 0x0000000100000000)
  eden space 11776K, 0% used [0x00000000eab00000,0x00000000eab00000,0x00000000eb680000)
  from space 1024K, 90% used [0x00000000eb680000,0x00000000eb768000,0x00000000eb780000)
  to   space 1536K, 0% used [0x00000000eb800000,0x00000000eb800000,0x00000000eb980000)
 ParOldGen       total 68608K, used 56382K [0x00000000c0000000, 0x00000000c4300000, 0x00000000eab00000)
  object space 68608K, 82% used [0x00000000c0000000,0x00000000c370f838,0x00000000c4300000)
 Metaspace       used 68213K, committed 69184K, reserved 1114112K
  class space    used 8332K, committed 8832K, reserved 1048576K
}
Event: 15.611 GC heap before
{Heap before GC invocations=55 (full 3):
 PSYoungGen      total 12800K, used 12704K [0x00000000eab00000, 0x00000000eb980000, 0x0000000100000000)
  eden space 11776K, 100% used [0x00000000eab00000,0x00000000eb680000,0x00000000eb680000)
  from space 1024K, 90% used [0x00000000eb680000,0x00000000eb768000,0x00000000eb780000)
  to   space 1536K, 0% used [0x00000000eb800000,0x00000000eb800000,0x00000000eb980000)
 ParOldGen       total 68608K, used 56382K [0x00000000c0000000, 0x00000000c4300000, 0x00000000eab00000)
  object space 68608K, 82% used [0x00000000c0000000,0x00000000c370f838,0x00000000c4300000)
 Metaspace       used 68859K, committed 69888K, reserved 1114112K
  class space    used 8423K, committed 8896K, reserved 1048576K
}
Event: 15.614 GC heap after
{Heap after GC invocations=55 (full 3):
 PSYoungGen      total 12800K, used 528K [0x00000000eab00000, 0x00000000eb900000, 0x0000000100000000)
  eden space 11776K, 0% used [0x00000000eab00000,0x00000000eab00000,0x00000000eb680000)
  from space 1024K, 51% used [0x00000000eb800000,0x00000000eb884010,0x00000000eb900000)
  to   space 1024K, 0% used [0x00000000eb680000,0x00000000eb680000,0x00000000eb780000)
 ParOldGen       total 68608K, used 57254K [0x00000000c0000000, 0x00000000c4300000, 0x00000000eab00000)
  object space 68608K, 83% used [0x00000000c0000000,0x00000000c37e9838,0x00000000c4300000)
 Metaspace       used 68859K, committed 69888K, reserved 1114112K
  class space    used 8423K, committed 8896K, reserved 1048576K
}
Event: 15.671 GC heap before
{Heap before GC invocations=56 (full 3):
 PSYoungGen      total 12800K, used 12289K [0x00000000eab00000, 0x00000000eb900000, 0x0000000100000000)
  eden space 11776K, 99% used [0x00000000eab00000,0x00000000eb67c740,0x00000000eb680000)
  from space 1024K, 51% used [0x00000000eb800000,0x00000000eb884010,0x00000000eb900000)
  to   space 1024K, 0% used [0x00000000eb680000,0x00000000eb680000,0x00000000eb780000)
 ParOldGen       total 68608K, used 57254K [0x00000000c0000000, 0x00000000c4300000, 0x00000000eab00000)
  object space 68608K, 83% used [0x00000000c0000000,0x00000000c37e9838,0x00000000c4300000)
 Metaspace       used 69420K, committed 70400K, reserved 1114112K
  class space    used 8495K, committed 8960K, reserved 1048576K
}
Event: 15.674 GC heap after
{Heap after GC invocations=56 (full 3):
 PSYoungGen      total 12800K, used 256K [0x00000000eab00000, 0x00000000eb880000, 0x0000000100000000)
  eden space 11776K, 0% used [0x00000000eab00000,0x00000000eab00000,0x00000000eb680000)
  from space 1024K, 25% used [0x00000000eb680000,0x00000000eb6c0000,0x00000000eb780000)
  to   space 512K, 0% used [0x00000000eb800000,0x00000000eb800000,0x00000000eb880000)
 ParOldGen       total 68608K, used 57726K [0x00000000c0000000, 0x00000000c4300000, 0x00000000eab00000)
  object space 68608K, 84% used [0x00000000c0000000,0x00000000c385f878,0x00000000c4300000)
 Metaspace       used 69420K, committed 70400K, reserved 1114112K
  class space    used 8495K, committed 8960K, reserved 1048576K
}
Event: 15.726 GC heap before
{Heap before GC invocations=57 (full 3):
 PSYoungGen      total 12800K, used 12032K [0x00000000eab00000, 0x00000000eb880000, 0x0000000100000000)
  eden space 11776K, 100% used [0x00000000eab00000,0x00000000eb680000,0x00000000eb680000)
  from space 1024K, 25% used [0x00000000eb680000,0x00000000eb6c0000,0x00000000eb780000)
  to   space 512K, 0% used [0x00000000eb800000,0x00000000eb800000,0x00000000eb880000)
 ParOldGen       total 68608K, used 57726K [0x00000000c0000000, 0x00000000c4300000, 0x00000000eab00000)
  object space 68608K, 84% used [0x00000000c0000000,0x00000000c385f878,0x00000000c4300000)
 Metaspace       used 70218K, committed 71232K, reserved 1114112K
  class space    used 8566K, committed 9088K, reserved 1048576K
}
Event: 15.728 GC heap after
{Heap after GC invocations=57 (full 3):
 PSYoungGen      total 12288K, used 496K [0x00000000eab00000, 0x00000000eb980000, 0x0000000100000000)
  eden space 11776K, 0% used [0x00000000eab00000,0x00000000eab00000,0x00000000eb680000)
  from space 512K, 96% used [0x00000000eb800000,0x00000000eb87c008,0x00000000eb880000)
  to   space 1536K, 0% used [0x00000000eb680000,0x00000000eb680000,0x00000000eb800000)
 ParOldGen       total 68608K, used 58388K [0x00000000c0000000, 0x00000000c4300000, 0x00000000eab00000)
  object space 68608K, 85% used [0x00000000c0000000,0x00000000c3905250,0x00000000c4300000)
 Metaspace       used 70218K, committed 71232K, reserved 1114112K
  class space    used 8566K, committed 9088K, reserved 1048576K
}
Event: 15.884 GC heap before
{Heap before GC invocations=58 (full 3):
 PSYoungGen      total 12288K, used 12272K [0x00000000eab00000, 0x00000000eb980000, 0x0000000100000000)
  eden space 11776K, 100% used [0x00000000eab00000,0x00000000eb680000,0x00000000eb680000)
  from space 512K, 96% used [0x00000000eb800000,0x00000000eb87c008,0x00000000eb880000)
  to   space 1536K, 0% used [0x00000000eb680000,0x00000000eb680000,0x00000000eb800000)
 ParOldGen       total 68608K, used 58388K [0x00000000c0000000, 0x00000000c4300000, 0x00000000eab00000)
  object space 68608K, 85% used [0x00000000c0000000,0x00000000c3905250,0x00000000c4300000)
 Metaspace       used 71893K, committed 72832K, reserved 1114112K
  class space    used 8697K, committed 9152K, reserved 1048576K
}
Event: 15.888 GC heap after
{Heap after GC invocations=58 (full 3):
 PSYoungGen      total 13312K, used 1171K [0x00000000eab00000, 0x00000000eb980000, 0x0000000100000000)
  eden space 11776K, 0% used [0x00000000eab00000,0x00000000eab00000,0x00000000eb680000)
  from space 1536K, 76% used [0x00000000eb680000,0x00000000eb7a4d48,0x00000000eb800000)
  to   space 1536K, 0% used [0x00000000eb800000,0x00000000eb800000,0x00000000eb980000)
 ParOldGen       total 68608K, used 58902K [0x00000000c0000000, 0x00000000c4300000, 0x00000000eab00000)
  object space 68608K, 85% used [0x00000000c0000000,0x00000000c3985a60,0x00000000c4300000)
 Metaspace       used 71893K, committed 72832K, reserved 1114112K
  class space    used 8697K, committed 9152K, reserved 1048576K
}
Event: 15.950 GC heap before
{Heap before GC invocations=59 (full 3):
 PSYoungGen      total 13312K, used 12947K [0x00000000eab00000, 0x00000000eb980000, 0x0000000100000000)
  eden space 11776K, 100% used [0x00000000eab00000,0x00000000eb680000,0x00000000eb680000)
  from space 1536K, 76% used [0x00000000eb680000,0x00000000eb7a4d48,0x00000000eb800000)
  to   space 1536K, 0% used [0x00000000eb800000,0x00000000eb800000,0x00000000eb980000)
 ParOldGen       total 68608K, used 58902K [0x00000000c0000000, 0x00000000c4300000, 0x00000000eab00000)
  object space 68608K, 85% used [0x00000000c0000000,0x00000000c3985a60,0x00000000c4300000)
 Metaspace       used 72385K, committed 73344K, reserved 1114112K
  class space    used 8742K, committed 9216K, reserved 1048576K
}
Event: 15.954 GC heap after
{Heap after GC invocations=59 (full 3):
 PSYoungGen      total 13312K, used 1065K [0x00000000eab00000, 0x00000000eb980000, 0x0000000100000000)
  eden space 11776K, 0% used [0x00000000eab00000,0x00000000eab00000,0x00000000eb680000)
  from space 1536K, 69% used [0x00000000eb800000,0x00000000eb90a578,0x00000000eb980000)
  to   space 1536K, 0% used [0x00000000eb680000,0x00000000eb680000,0x00000000eb800000)
 ParOldGen       total 68608K, used 60014K [0x00000000c0000000, 0x00000000c4300000, 0x00000000eab00000)
  object space 68608K, 87% used [0x00000000c0000000,0x00000000c3a9b950,0x00000000c4300000)
 Metaspace       used 72385K, committed 73344K, reserved 1114112K
  class space    used 8742K, committed 9216K, reserved 1048576K
}
Event: 15.978 GC heap before
{Heap before GC invocations=60 (full 3):
 PSYoungGen      total 13312K, used 12841K [0x00000000eab00000, 0x00000000eb980000, 0x0000000100000000)
  eden space 11776K, 100% used [0x00000000eab00000,0x00000000eb680000,0x00000000eb680000)
  from space 1536K, 69% used [0x00000000eb800000,0x00000000eb90a578,0x00000000eb980000)
  to   space 1536K, 0% used [0x00000000eb680000,0x00000000eb680000,0x00000000eb800000)
 ParOldGen       total 68608K, used 60014K [0x00000000c0000000, 0x00000000c4300000, 0x00000000eab00000)
  object space 68608K, 87% used [0x00000000c0000000,0x00000000c3a9b950,0x00000000c4300000)
 Metaspace       used 72401K, committed 73344K, reserved 1114112K
  class space    used 8742K, committed 9216K, reserved 1048576K
}
Event: 15.981 GC heap after
{Heap after GC invocations=60 (full 3):
 PSYoungGen      total 12800K, used 798K [0x00000000eab00000, 0x00000000eb880000, 0x0000000100000000)
  eden space 11776K, 0% used [0x00000000eab00000,0x00000000eab00000,0x00000000eb680000)
  from space 1024K, 78% used [0x00000000eb680000,0x00000000eb747b08,0x00000000eb780000)
  to   space 1024K, 0% used [0x00000000eb780000,0x00000000eb780000,0x00000000eb880000)
 ParOldGen       total 68608K, used 60570K [0x00000000c0000000, 0x00000000c4300000, 0x00000000eab00000)
  object space 68608K, 88% used [0x00000000c0000000,0x00000000c3b26ae0,0x00000000c4300000)
 Metaspace       used 72401K, committed 73344K, reserved 1114112K
  class space    used 8742K, committed 9216K, reserved 1048576K
}
Event: 15.996 GC heap before
{Heap before GC invocations=61 (full 3):
 PSYoungGen      total 12800K, used 12574K [0x00000000eab00000, 0x00000000eb880000, 0x0000000100000000)
  eden space 11776K, 100% used [0x00000000eab00000,0x00000000eb680000,0x00000000eb680000)
  from space 1024K, 78% used [0x00000000eb680000,0x00000000eb747b08,0x00000000eb780000)
  to   space 1024K, 0% used [0x00000000eb780000,0x00000000eb780000,0x00000000eb880000)
 ParOldGen       total 68608K, used 60570K [0x00000000c0000000, 0x00000000c4300000, 0x00000000eab00000)
  object space 68608K, 88% used [0x00000000c0000000,0x00000000c3b26ae0,0x00000000c4300000)
 Metaspace       used 72402K, committed 73344K, reserved 1114112K
  class space    used 8742K, committed 9216K, reserved 1048576K
}
Event: 15.997 GC heap after
{Heap after GC invocations=61 (full 3):
 PSYoungGen      total 12800K, used 430K [0x00000000eab00000, 0x00000000eb880000, 0x0000000100000000)
  eden space 11776K, 0% used [0x00000000eab00000,0x00000000eab00000,0x00000000eb680000)
  from space 1024K, 42% used [0x00000000eb780000,0x00000000eb7eb958,0x00000000eb880000)
  to   space 1024K, 0% used [0x00000000eb680000,0x00000000eb680000,0x00000000eb780000)
 ParOldGen       total 68608K, used 60578K [0x00000000c0000000, 0x00000000c4300000, 0x00000000eab00000)
  object space 68608K, 88% used [0x00000000c0000000,0x00000000c3b28ae0,0x00000000c4300000)
 Metaspace       used 72402K, committed 73344K, reserved 1114112K
  class space    used 8742K, committed 9216K, reserved 1048576K
}

